Build started 12/08/2014 12:05:45.
     1>Project "C:\Users\IC63\Desktop\myGame\Game\Game.vcxproj" on node 2 (build target(s)).
     1>InitializeBuildStatus:
         Creating "Debug\Game.unsuccessfulbuild" because "AlwaysCreate" was specified.
       ClCompile:
         C:\Program Files (x86)\Microsoft Visual Studio 10.0\VC\bin\CL.exe /c /IC:\Users\IC63\Desktop\myGame\Engine/include /IC:\Users\IC63\Desktop\myGame\Game/include /ZI /nologo /W3 /WX- /Od /Oy- /D WIN32 /D _MBCS /Gm /EHsc /RTC1 /MDd /GS /fp:precise /Zc:wchar_t /Zc:forScope /Fo"Debug\\" /Fd"Debug\vc100.pdb" /Gd /TP /analyze- /errorReport:prompt Scene2.cpp
         Scene2.cpp
     1>c:\users\ic63\desktop\mygame\engine\include\renderer.h(40): warning C4251: 'pGr::Renderer::m_akTextures' : class 'std::vector<_Ty>' needs to have dll-interface to be used by clients of class 'pGr::Renderer'
                 with
                 [
                     _Ty=pGr::Texture
                 ]
     1>c:\users\ic63\desktop\mygame\engine\include\entity2d.h(43): warning C4251: 'pGr::Entity2D::m_Name' : class 'std::basic_string<_Elem,_Traits,_Ax>' needs to have dll-interface to be used by clients of class 'pGr::Entity2D'
                 with
                 [
                     _Elem=char,
                     _Traits=std::char_traits<char>,
                     _Ax=std::allocator<char>
                 ]
     1>c:\users\ic63\desktop\mygame\engine\include\animation.h(18): warning C4251: 'pGr::Animation::Name' : class 'std::basic_string<_Elem,_Traits,_Ax>' needs to have dll-interface to be used by clients of class 'pGr::Animation'
                 with
                 [
                     _Elem=char,
                     _Traits=std::char_traits<char>,
                     _Ax=std::allocator<char>
                 ]
     1>c:\users\ic63\desktop\mygame\engine\include\animation.h(32): warning C4251: 'pGr::Animation::m_pkFrames' : class 'std::vector<_Ty>' needs to have dll-interface to be used by clients of class 'pGr::Animation'
                 with
                 [
                     _Ty=pGr::Animation::Frame
                 ]
     1>c:\users\ic63\desktop\mygame\engine\include\sprite.h(32): warning C4251: 'pGr::Sprite::animation_List' : class 'std::vector<_Ty>' needs to have dll-interface to be used by clients of class 'pGr::Sprite'
                 with
                 [
                     _Ty=pGr::Animation
                 ]
     1>c:\users\ic63\desktop\mygame\engine\include\scene.h(30): warning C4251: 'pGr::Scene::m_pkName' : class 'std::basic_string<_Elem,_Traits,_Ax>' needs to have dll-interface to be used by clients of class 'pGr::Scene'
                 with
                 [
                     _Elem=char,
                     _Traits=std::char_traits<char>,
                     _Ax=std::allocator<char>
                 ]
     1>c:\users\ic63\desktop\mygame\engine\include\scene.h(32): warning C4251: 'pGr::Scene::m_kObjects' : class 'std::vector<_Ty>' needs to have dll-interface to be used by clients of class 'pGr::Scene'
                 with
                 [
                     _Ty=pGr::Entity2D *
                 ]
     1>c:\users\ic63\desktop\mygame\engine\include\game.h(25): warning C4251: 'pGr::Game::scene_List' : class 'std::vector<_Ty>' needs to have dll-interface to be used by clients of class 'pGr::Game'
                 with
                 [
                     _Ty=pGr::Scene *
                 ]
     1>c:\users\ic63\desktop\mygame\game\scene2.cpp(70): warning C4018: '<' : signed/unsigned mismatch
       Link:
         C:\Program Files (x86)\Microsoft Visual Studio 10.0\VC\bin\link.exe /ERRORREPORT:PROMPT /OUT:"C:\Users\IC63\Desktop\myGame\Debug\Game.exe" /NOLOGO /LIBPATH:C:\Users\IC63\Desktop\myGame\Debug Engine.lib d3dx9.lib d3d9.lib kernel32.lib user32.lib gdi32.lib winspool.lib comdlg32.lib advapi32.lib shell32.lib ole32.lib oleaut32.lib uuid.lib odbc32.lib odbccp32.lib kernel32.lib user32.lib gdi32.lib winspool.lib comdlg32.lib advapi32.lib shell32.lib ole32.lib oleaut32.lib uuid.lib odbc32.lib odbccp32.lib /MANIFEST /ManifestFile:"Debug\Game.exe.intermediate.manifest" /MANIFESTUAC:"level='asInvoker' uiAccess='false'" /DEBUG /PDB:"C:\Users\IC63\Desktop\myGame\Debug\Game.pdb" /SUBSYSTEM:WINDOWS /TLBID:1 /DYNAMICBASE /NXCOMPAT /IMPLIB:"C:\Users\IC63\Desktop\myGame\Debug\Game.lib" /MACHINE:X86 Debug\Scene1.obj
         Debug\Scene2.obj
         Debug\main.obj
         Debug\TestGame.obj
         LINK : C:\Users\IC63\Desktop\myGame\Debug\Game.exe not found or not built by the last incremental link; performing full link
         Game.vcxproj -> C:\Users\IC63\Desktop\myGame\Debug\Game.exe
       Manifest:
         C:\Program Files (x86)\Microsoft SDKs\Windows\v7.0A\bin\mt.exe /nologo /verbose /outputresource:"C:\Users\IC63\Desktop\myGame\Debug\Game.exe;#1" /manifest Debug\Game.exe.intermediate.manifest
       FinalizeBuildStatus:
         Deleting file "Debug\Game.unsuccessfulbuild".
         Touching "Debug\Game.lastbuildstate".
     1>Done Building Project "C:\Users\IC63\Desktop\myGame\Game\Game.vcxproj" (build target(s)).

Build succeeded.

Time Elapsed 00:00:01.88
