Compilación iniciada a las 09/11/2014 05:50:19 a.m..
     1>Proyecto "G:\Enchine\myGame\Game\Game.vcxproj" en el nodo 2 (build destinos).
     1>InitializeBuildStatus:
         Se creará "Release\Game.unsuccessfulbuild" porque se especificó "AlwaysCreate".
       ClCompile:
         Todas las salidas están actualizadas.
       Link:
         C:\Program Files (x86)\Microsoft Visual Studio 10.0\VC\bin\link.exe /ERRORREPORT:PROMPT /OUT:"G:\Enchine\myGame\Release\Game.exe" /NOLOGO /LIBPATH:G:\Enchine\myGame\Release Engine.lib d3dx9.lib d3d9.lib kernel32.lib user32.lib gdi32.lib winspool.lib comdlg32.lib advapi32.lib shell32.lib ole32.lib oleaut32.lib uuid.lib odbc32.lib odbccp32.lib kernel32.lib user32.lib gdi32.lib winspool.lib comdlg32.lib advapi32.lib shell32.lib ole32.lib oleaut32.lib uuid.lib odbc32.lib odbccp32.lib /MANIFEST /ManifestFile:"Release\Game.exe.intermediate.manifest" /MANIFESTUAC:"level='asInvoker' uiAccess='false'" /DEBUG /PDB:"G:\Enchine\myGame\Release\Game.pdb" /SUBSYSTEM:WINDOWS /OPT:REF /OPT:ICF /LTCG /TLBID:1 /DYNAMICBASE /NXCOMPAT /IMPLIB:"G:\Enchine\myGame\Release\Game.lib" /MACHINE:X86 Release\main.obj
         Release\Scene2.obj
         Release\TestGame.obj
         Generando código
         Generación de código finalizada
         Game.vcxproj -> G:\Enchine\myGame\Release\Game.exe
       Manifest:
         C:\Program Files (x86)\Microsoft SDKs\Windows\v7.0A\bin\mt.exe /nologo /verbose /outputresource:"G:\Enchine\myGame\Release\Game.exe;#1" /manifest Release\Game.exe.intermediate.manifest
       FinalizeBuildStatus:
         Se eliminará el archivo "Release\Game.unsuccessfulbuild".
         Aplicando tarea Touch a "Release\Game.lastbuildstate".
     1>Compilación del proyecto terminada "G:\Enchine\myGame\Game\Game.vcxproj" (build destinos).

Compilación correcta.

Tiempo transcurrido 00:00:00.37
