  Scene2.cpp
c:\users\daniel\desktop\engine-2-otraeducacion\mygame\engine\Camera.h(31): warning C4251: 'pGr::Camera::camera_eye' : struct 'D3DXVECTOR3' needs to have dll-interface to be used by clients of class 'pGr::Camera'
          c:\program files (x86)\microsoft directx sdk (june 2010)\include\d3dx9math.h(162) : see declaration of 'D3DXVECTOR3'
c:\users\daniel\desktop\engine-2-otraeducacion\mygame\engine\Camera.h(32): warning C4251: 'pGr::Camera::camera_target' : struct 'D3DXVECTOR3' needs to have dll-interface to be used by clients of class 'pGr::Camera'
          c:\program files (x86)\microsoft directx sdk (june 2010)\include\d3dx9math.h(162) : see declaration of 'D3DXVECTOR3'
c:\users\daniel\desktop\engine-2-otraeducacion\mygame\engine\Camera.h(33): warning C4251: 'pGr::Camera::camera_up' : struct 'D3DXVECTOR3' needs to have dll-interface to be used by clients of class 'pGr::Camera'
          c:\program files (x86)\microsoft directx sdk (june 2010)\include\d3dx9math.h(162) : see declaration of 'D3DXVECTOR3'
c:\users\daniel\desktop\engine-2-otraeducacion\mygame\engine\Camera.h(34): warning C4251: 'pGr::Camera::camera_right' : struct 'D3DXVECTOR3' needs to have dll-interface to be used by clients of class 'pGr::Camera'
          c:\program files (x86)\microsoft directx sdk (june 2010)\include\d3dx9math.h(162) : see declaration of 'D3DXVECTOR3'
c:\users\daniel\desktop\engine-2-otraeducacion\mygame\engine\Camera.h(35): warning C4251: 'pGr::Camera::Camera_TransformMatrix' : struct 'D3DXMATRIX' needs to have dll-interface to be used by clients of class 'pGr::Camera'
          c:\program files (x86)\microsoft directx sdk (june 2010)\include\d3dx9math.h(312) : see declaration of 'D3DXMATRIX'
c:\users\daniel\desktop\engine-2-otraeducacion\mygame\engine\Renderer.h(50): warning C4251: 'pGr::Renderer::m_akTextures' : class 'std::vector<_Ty>' needs to have dll-interface to be used by clients of class 'pGr::Renderer'
          with
          [
              _Ty=pGr::Texture
          ]
c:\users\daniel\desktop\engine-2-otraeducacion\mygame\engine\Entity3D.h(51): warning C4251: 'pGr::Entity3D::m_Name' : class 'std::basic_string<_Elem,_Traits,_Ax>' needs to have dll-interface to be used by clients of class 'pGr::Entity3D'
          with
          [
              _Elem=char,
              _Traits=std::char_traits<char>,
              _Ax=std::allocator<char>
          ]
c:\users\daniel\desktop\engine-2-otraeducacion\mygame\engine\Animation.h(18): warning C4251: 'pGr::Animation::Name' : class 'std::basic_string<_Elem,_Traits,_Ax>' needs to have dll-interface to be used by clients of class 'pGr::Animation'
          with
          [
              _Elem=char,
              _Traits=std::char_traits<char>,
              _Ax=std::allocator<char>
          ]
c:\users\daniel\desktop\engine-2-otraeducacion\mygame\engine\Animation.h(32): warning C4251: 'pGr::Animation::m_pkFrames' : class 'std::vector<_Ty>' needs to have dll-interface to be used by clients of class 'pGr::Animation'
          with
          [
              _Ty=pGr::Animation::Frame
          ]
C:\Users\Daniel\Desktop\engine-2-otraeducacion\myGame\Engine\Scene.h(39): warning C4251: 'pGr::Scene::m_pkName' : class 'std::basic_string<_Elem,_Traits,_Ax>' needs to have dll-interface to be used by clients of class 'pGr::Scene'
          with
          [
              _Elem=char,
              _Traits=std::char_traits<char>,
              _Ax=std::allocator<char>
          ]
C:\Users\Daniel\Desktop\engine-2-otraeducacion\myGame\Engine\Scene.h(40): warning C4251: 'pGr::Scene::m_pkEntity3D' : class 'std::vector<_Ty>' needs to have dll-interface to be used by clients of class 'pGr::Scene'
          with
          [
              _Ty=pGr::Entity3D *
          ]
C:\Users\Daniel\Desktop\engine-2-otraeducacion\myGame\Engine\Sprite.h(32): warning C4251: 'pGr::Sprite::animation_List' : class 'std::vector<_Ty>' needs to have dll-interface to be used by clients of class 'pGr::Sprite'
          with
          [
              _Ty=pGr::Animation
          ]
c:\users\daniel\desktop\engine-2-otraeducacion\mygame\engine\Node.h(25): warning C4251: 'pGr::Node::m_pkChilds' : class 'std::vector<_Ty>' needs to have dll-interface to be used by clients of class 'pGr::Node'
          with
          [
              _Ty=pGr::Entity3D *
          ]
C:\Users\Daniel\Desktop\engine-2-otraeducacion\myGame\Engine\Game.h(27): warning C4251: 'pGr::Game::scene_List' : class 'std::vector<_Ty>' needs to have dll-interface to be used by clients of class 'pGr::Game'
          with
          [
              _Ty=pGr::Scene *
          ]
C:\Users\Daniel\Desktop\engine-2-otraeducacion\myGame\Engine\Mesh.h(40): warning C4251: 'pGr::Mesh::m_pkVertex' : class 'std::vector<_Ty>' needs to have dll-interface to be used by clients of class 'pGr::Mesh'
          with
          [
              _Ty=pGr::MeshVertex
          ]
C:\Users\Daniel\Desktop\engine-2-otraeducacion\myGame\Engine\Mesh.h(41): warning C4251: 'pGr::Mesh::m_pkIndex' : class 'std::vector<_Ty>' needs to have dll-interface to be used by clients of class 'pGr::Mesh'
          with
          [
              _Ty=unsigned short
          ]
  TestGame.cpp
c:\users\daniel\desktop\engine-2-otraeducacion\mygame\engine\Camera.h(31): warning C4251: 'pGr::Camera::camera_eye' : struct 'D3DXVECTOR3' needs to have dll-interface to be used by clients of class 'pGr::Camera'
          c:\program files (x86)\microsoft directx sdk (june 2010)\include\d3dx9math.h(162) : see declaration of 'D3DXVECTOR3'
c:\users\daniel\desktop\engine-2-otraeducacion\mygame\engine\Camera.h(32): warning C4251: 'pGr::Camera::camera_target' : struct 'D3DXVECTOR3' needs to have dll-interface to be used by clients of class 'pGr::Camera'
          c:\program files (x86)\microsoft directx sdk (june 2010)\include\d3dx9math.h(162) : see declaration of 'D3DXVECTOR3'
c:\users\daniel\desktop\engine-2-otraeducacion\mygame\engine\Camera.h(33): warning C4251: 'pGr::Camera::camera_up' : struct 'D3DXVECTOR3' needs to have dll-interface to be used by clients of class 'pGr::Camera'
          c:\program files (x86)\microsoft directx sdk (june 2010)\include\d3dx9math.h(162) : see declaration of 'D3DXVECTOR3'
c:\users\daniel\desktop\engine-2-otraeducacion\mygame\engine\Camera.h(34): warning C4251: 'pGr::Camera::camera_right' : struct 'D3DXVECTOR3' needs to have dll-interface to be used by clients of class 'pGr::Camera'
          c:\program files (x86)\microsoft directx sdk (june 2010)\include\d3dx9math.h(162) : see declaration of 'D3DXVECTOR3'
c:\users\daniel\desktop\engine-2-otraeducacion\mygame\engine\Camera.h(35): warning C4251: 'pGr::Camera::Camera_TransformMatrix' : struct 'D3DXMATRIX' needs to have dll-interface to be used by clients of class 'pGr::Camera'
          c:\program files (x86)\microsoft directx sdk (june 2010)\include\d3dx9math.h(312) : see declaration of 'D3DXMATRIX'
c:\users\daniel\desktop\engine-2-otraeducacion\mygame\engine\Renderer.h(50): warning C4251: 'pGr::Renderer::m_akTextures' : class 'std::vector<_Ty>' needs to have dll-interface to be used by clients of class 'pGr::Renderer'
          with
          [
              _Ty=pGr::Texture
          ]
c:\users\daniel\desktop\engine-2-otraeducacion\mygame\engine\Entity3D.h(51): warning C4251: 'pGr::Entity3D::m_Name' : class 'std::basic_string<_Elem,_Traits,_Ax>' needs to have dll-interface to be used by clients of class 'pGr::Entity3D'
          with
          [
              _Elem=char,
              _Traits=std::char_traits<char>,
              _Ax=std::allocator<char>
          ]
c:\users\daniel\desktop\engine-2-otraeducacion\mygame\engine\Node.h(25): warning C4251: 'pGr::Node::m_pkChilds' : class 'std::vector<_Ty>' needs to have dll-interface to be used by clients of class 'pGr::Node'
          with
          [
              _Ty=pGr::Entity3D *
          ]
C:\Users\Daniel\Desktop\engine-2-otraeducacion\myGame\Engine\Game.h(27): warning C4251: 'pGr::Game::scene_List' : class 'std::vector<_Ty>' needs to have dll-interface to be used by clients of class 'pGr::Game'
          with
          [
              _Ty=pGr::Scene *
          ]
c:\users\daniel\desktop\engine-2-otraeducacion\mygame\engine\Animation.h(18): warning C4251: 'pGr::Animation::Name' : class 'std::basic_string<_Elem,_Traits,_Ax>' needs to have dll-interface to be used by clients of class 'pGr::Animation'
          with
          [
              _Elem=char,
              _Traits=std::char_traits<char>,
              _Ax=std::allocator<char>
          ]
c:\users\daniel\desktop\engine-2-otraeducacion\mygame\engine\Animation.h(32): warning C4251: 'pGr::Animation::m_pkFrames' : class 'std::vector<_Ty>' needs to have dll-interface to be used by clients of class 'pGr::Animation'
          with
          [
              _Ty=pGr::Animation::Frame
          ]
C:\Users\Daniel\Desktop\engine-2-otraeducacion\myGame\Engine\Sprite.h(32): warning C4251: 'pGr::Sprite::animation_List' : class 'std::vector<_Ty>' needs to have dll-interface to be used by clients of class 'pGr::Sprite'
          with
          [
              _Ty=pGr::Animation
          ]
C:\Users\Daniel\Desktop\engine-2-otraeducacion\myGame\Engine\Scene.h(39): warning C4251: 'pGr::Scene::m_pkName' : class 'std::basic_string<_Elem,_Traits,_Ax>' needs to have dll-interface to be used by clients of class 'pGr::Scene'
          with
          [
              _Elem=char,
              _Traits=std::char_traits<char>,
              _Ax=std::allocator<char>
          ]
C:\Users\Daniel\Desktop\engine-2-otraeducacion\myGame\Engine\Scene.h(40): warning C4251: 'pGr::Scene::m_pkEntity3D' : class 'std::vector<_Ty>' needs to have dll-interface to be used by clients of class 'pGr::Scene'
          with
          [
              _Ty=pGr::Entity3D *
          ]
C:\Users\Daniel\Desktop\engine-2-otraeducacion\myGame\Engine\Mesh.h(40): warning C4251: 'pGr::Mesh::m_pkVertex' : class 'std::vector<_Ty>' needs to have dll-interface to be used by clients of class 'pGr::Mesh'
          with
          [
              _Ty=pGr::MeshVertex
          ]
C:\Users\Daniel\Desktop\engine-2-otraeducacion\myGame\Engine\Mesh.h(41): warning C4251: 'pGr::Mesh::m_pkIndex' : class 'std::vector<_Ty>' needs to have dll-interface to be used by clients of class 'pGr::Mesh'
          with
          [
              _Ty=unsigned short
          ]
  main.cpp
c:\users\daniel\desktop\engine-2-otraeducacion\mygame\engine\Camera.h(31): warning C4251: 'pGr::Camera::camera_eye' : struct 'D3DXVECTOR3' needs to have dll-interface to be used by clients of class 'pGr::Camera'
          c:\program files (x86)\microsoft directx sdk (june 2010)\include\d3dx9math.h(162) : see declaration of 'D3DXVECTOR3'
c:\users\daniel\desktop\engine-2-otraeducacion\mygame\engine\Camera.h(32): warning C4251: 'pGr::Camera::camera_target' : struct 'D3DXVECTOR3' needs to have dll-interface to be used by clients of class 'pGr::Camera'
          c:\program files (x86)\microsoft directx sdk (june 2010)\include\d3dx9math.h(162) : see declaration of 'D3DXVECTOR3'
c:\users\daniel\desktop\engine-2-otraeducacion\mygame\engine\Camera.h(33): warning C4251: 'pGr::Camera::camera_up' : struct 'D3DXVECTOR3' needs to have dll-interface to be used by clients of class 'pGr::Camera'
          c:\program files (x86)\microsoft directx sdk (june 2010)\include\d3dx9math.h(162) : see declaration of 'D3DXVECTOR3'
c:\users\daniel\desktop\engine-2-otraeducacion\mygame\engine\Camera.h(34): warning C4251: 'pGr::Camera::camera_right' : struct 'D3DXVECTOR3' needs to have dll-interface to be used by clients of class 'pGr::Camera'
          c:\program files (x86)\microsoft directx sdk (june 2010)\include\d3dx9math.h(162) : see declaration of 'D3DXVECTOR3'
c:\users\daniel\desktop\engine-2-otraeducacion\mygame\engine\Camera.h(35): warning C4251: 'pGr::Camera::Camera_TransformMatrix' : struct 'D3DXMATRIX' needs to have dll-interface to be used by clients of class 'pGr::Camera'
          c:\program files (x86)\microsoft directx sdk (june 2010)\include\d3dx9math.h(312) : see declaration of 'D3DXMATRIX'
c:\users\daniel\desktop\engine-2-otraeducacion\mygame\engine\Renderer.h(50): warning C4251: 'pGr::Renderer::m_akTextures' : class 'std::vector<_Ty>' needs to have dll-interface to be used by clients of class 'pGr::Renderer'
          with
          [
              _Ty=pGr::Texture
          ]
c:\users\daniel\desktop\engine-2-otraeducacion\mygame\engine\Entity3D.h(51): warning C4251: 'pGr::Entity3D::m_Name' : class 'std::basic_string<_Elem,_Traits,_Ax>' needs to have dll-interface to be used by clients of class 'pGr::Entity3D'
          with
          [
              _Elem=char,
              _Traits=std::char_traits<char>,
              _Ax=std::allocator<char>
          ]
c:\users\daniel\desktop\engine-2-otraeducacion\mygame\engine\Node.h(25): warning C4251: 'pGr::Node::m_pkChilds' : class 'std::vector<_Ty>' needs to have dll-interface to be used by clients of class 'pGr::Node'
          with
          [
              _Ty=pGr::Entity3D *
          ]
C:\Users\Daniel\Desktop\engine-2-otraeducacion\myGame\Engine\Game.h(27): warning C4251: 'pGr::Game::scene_List' : class 'std::vector<_Ty>' needs to have dll-interface to be used by clients of class 'pGr::Game'
          with
          [
              _Ty=pGr::Scene *
          ]
c:\users\daniel\desktop\engine-2-otraeducacion\mygame\engine\Animation.h(18): warning C4251: 'pGr::Animation::Name' : class 'std::basic_string<_Elem,_Traits,_Ax>' needs to have dll-interface to be used by clients of class 'pGr::Animation'
          with
          [
              _Elem=char,
              _Traits=std::char_traits<char>,
              _Ax=std::allocator<char>
          ]
c:\users\daniel\desktop\engine-2-otraeducacion\mygame\engine\Animation.h(32): warning C4251: 'pGr::Animation::m_pkFrames' : class 'std::vector<_Ty>' needs to have dll-interface to be used by clients of class 'pGr::Animation'
          with
          [
              _Ty=pGr::Animation::Frame
          ]
C:\Users\Daniel\Desktop\engine-2-otraeducacion\myGame\Engine\Sprite.h(32): warning C4251: 'pGr::Sprite::animation_List' : class 'std::vector<_Ty>' needs to have dll-interface to be used by clients of class 'pGr::Sprite'
          with
          [
              _Ty=pGr::Animation
          ]
C:\Users\Daniel\Desktop\engine-2-otraeducacion\myGame\Engine\Scene.h(39): warning C4251: 'pGr::Scene::m_pkName' : class 'std::basic_string<_Elem,_Traits,_Ax>' needs to have dll-interface to be used by clients of class 'pGr::Scene'
          with
          [
              _Elem=char,
              _Traits=std::char_traits<char>,
              _Ax=std::allocator<char>
          ]
C:\Users\Daniel\Desktop\engine-2-otraeducacion\myGame\Engine\Scene.h(40): warning C4251: 'pGr::Scene::m_pkEntity3D' : class 'std::vector<_Ty>' needs to have dll-interface to be used by clients of class 'pGr::Scene'
          with
          [
              _Ty=pGr::Entity3D *
          ]
C:\Users\Daniel\Desktop\engine-2-otraeducacion\myGame\Engine\Mesh.h(40): warning C4251: 'pGr::Mesh::m_pkVertex' : class 'std::vector<_Ty>' needs to have dll-interface to be used by clients of class 'pGr::Mesh'
          with
          [
              _Ty=pGr::MeshVertex
          ]
C:\Users\Daniel\Desktop\engine-2-otraeducacion\myGame\Engine\Mesh.h(41): warning C4251: 'pGr::Mesh::m_pkIndex' : class 'std::vector<_Ty>' needs to have dll-interface to be used by clients of class 'pGr::Mesh'
          with
          [
              _Ty=unsigned short
          ]
  Generating code
  Finished generating code
  Game.vcxproj -> C:\Users\Daniel\Desktop\engine-2-otraeducacion\myGame\Release\Game.exe
