Compilación iniciada a las 09/11/2014 05:50:17 a.m..
     1>Proyecto "G:\Enchine\myGame\Engine\Engine.vcxproj" en el nodo 2 (build destinos).
     1>InitializeBuildStatus:
         Se creará "Release\Engine.unsuccessfulbuild" porque se especificó "AlwaysCreate".
       ClCompile:
         C:\Program Files (x86)\Microsoft Visual Studio 10.0\VC\bin\CL.exe /c /IG:\Enchine\myGame\Engine/include /IG:\Enchine\myGame\Engine/src /Zi /nologo /W3 /WX- /O2 /Oi /Oy- /GL /D MYENGINE_EXPORTS /D _WINDLL /D _WINDLL /D _MBCS /Gm- /EHsc /MD /GS /Gy /fp:precise /Zc:wchar_t /Zc:forScope /Fo"Release\\" /Fd"Release\vc100.pdb" /Gd /TP /analyze- /errorReport:prompt Renderer.cpp
         Renderer.cpp
     1>g:\enchine\mygame\engine\Camera.h(31): warning C4251: 'pGr::Camera::camera_eye' : struct 'D3DXVECTOR3' necesita tener una interfaz DLL para que la utilicen los clientes de class 'pGr::Camera'
                 c:\program files (x86)\microsoft directx sdk (june 2010)\include\d3dx9math.h(162) : vea la declaración de 'D3DXVECTOR3'
     1>g:\enchine\mygame\engine\Camera.h(32): warning C4251: 'pGr::Camera::camera_target' : struct 'D3DXVECTOR3' necesita tener una interfaz DLL para que la utilicen los clientes de class 'pGr::Camera'
                 c:\program files (x86)\microsoft directx sdk (june 2010)\include\d3dx9math.h(162) : vea la declaración de 'D3DXVECTOR3'
     1>g:\enchine\mygame\engine\Camera.h(33): warning C4251: 'pGr::Camera::camera_up' : struct 'D3DXVECTOR3' necesita tener una interfaz DLL para que la utilicen los clientes de class 'pGr::Camera'
                 c:\program files (x86)\microsoft directx sdk (june 2010)\include\d3dx9math.h(162) : vea la declaración de 'D3DXVECTOR3'
     1>g:\enchine\mygame\engine\Camera.h(34): warning C4251: 'pGr::Camera::camera_right' : struct 'D3DXVECTOR3' necesita tener una interfaz DLL para que la utilicen los clientes de class 'pGr::Camera'
                 c:\program files (x86)\microsoft directx sdk (june 2010)\include\d3dx9math.h(162) : vea la declaración de 'D3DXVECTOR3'
     1>g:\enchine\mygame\engine\Camera.h(35): warning C4251: 'pGr::Camera::Camera_TransformMatrix' : struct 'D3DXMATRIX' necesita tener una interfaz DLL para que la utilicen los clientes de class 'pGr::Camera'
                 c:\program files (x86)\microsoft directx sdk (june 2010)\include\d3dx9math.h(312) : vea la declaración de 'D3DXMATRIX'
     1>g:\enchine\mygame\engine\Renderer.h(50): warning C4251: 'pGr::Renderer::m_akTextures' : class 'std::vector<_Ty>' necesita tener una interfaz DLL para que la utilicen los clientes de class 'pGr::Renderer'
                 with
                 [
                     _Ty=pGr::Texture
                 ]
       Link:
         C:\Program Files (x86)\Microsoft Visual Studio 10.0\VC\bin\link.exe /ERRORREPORT:PROMPT /OUT:"G:\Enchine\myGame\Release\Engine.dll" /NOLOGO d3d9.lib d3dx9.lib kernel32.lib user32.lib gdi32.lib winspool.lib comdlg32.lib advapi32.lib shell32.lib ole32.lib oleaut32.lib uuid.lib odbc32.lib odbccp32.lib kernel32.lib user32.lib gdi32.lib winspool.lib comdlg32.lib advapi32.lib shell32.lib ole32.lib oleaut32.lib uuid.lib odbc32.lib odbccp32.lib /MANIFEST /ManifestFile:"Release\Engine.dll.intermediate.manifest" /MANIFESTUAC:"level='asInvoker' uiAccess='false'" /DEBUG /PDB:"G:\Enchine\myGame\Release\Engine.pdb" /OPT:REF /OPT:ICF /LTCG /TLBID:1 /DYNAMICBASE /NXCOMPAT /IMPLIB:"G:\Enchine\myGame\Release\Engine.lib" /MACHINE:X86 /DLL Release\AABB.obj
         Release\Animation.obj
         Release\Camera.obj
         Release\Engine.obj
         Release\Entity3D.obj
         Release\Game.obj
         Release\Importer.obj
         Release\Mesh.obj
         Release\Node.obj
         Release\pg1_directinput.obj
         Release\pg1_input.obj
         Release\pg1_timer.obj
         Release\pg2_indexbuffer.obj
         Release\pg2_vertexbuffer.obj
         Release\Quad.obj
         Release\Renderer.obj
         Release\RenderTypes.obj
         Release\Scene.obj
         Release\Sprite.obj
         Release\tinyxml2.obj
         Release\Window.obj
            Creando biblioteca G:\Enchine\myGame\Release\Engine.lib y objeto G:\Enchine\myGame\Release\Engine.exp
         Generando código
         Generación de código finalizada
         Engine.vcxproj -> G:\Enchine\myGame\Release\Engine.dll
       Manifest:
         C:\Program Files (x86)\Microsoft SDKs\Windows\v7.0A\bin\mt.exe /nologo /verbose /outputresource:"G:\Enchine\myGame\Release\Engine.dll;#2" /manifest Release\Engine.dll.intermediate.manifest
       FinalizeBuildStatus:
         Se eliminará el archivo "Release\Engine.unsuccessfulbuild".
         Aplicando tarea Touch a "Release\Engine.lastbuildstate".
     1>Compilación del proyecto terminada "G:\Enchine\myGame\Engine\Engine.vcxproj" (build destinos).

Compilación correcta.

Tiempo transcurrido 00:00:01.93
