G:\ENCHINE\MYGAME\ENGINE\RELEASE\AABB.OBJ
G:\ENCHINE\MYGAME\ENGINE\RELEASE\ANIMATION.OBJ
G:\ENCHINE\MYGAME\ENGINE\RELEASE\CAMERA.OBJ
G:\Enchine\myGame\Engine\Release\cl.command.1.tlog
G:\Enchine\myGame\Engine\Release\CL.read.1.tlog
G:\Enchine\myGame\Engine\Release\CL.write.1.tlog
G:\ENCHINE\MYGAME\ENGINE\RELEASE\ENGINE.DLL.INTERMEDIATE.MANIFEST
G:\ENCHINE\MYGAME\ENGINE\RELEASE\ENGINE.OBJ
G:\Enchine\myGame\Engine\Release\Engine.write.1.tlog
G:\ENCHINE\MYGAME\ENGINE\RELEASE\ENTITY3D.OBJ
G:\ENCHINE\MYGAME\ENGINE\RELEASE\GAME.OBJ
G:\ENCHINE\MYGAME\ENGINE\RELEASE\IMPORTER.OBJ
G:\Enchine\myGame\Engine\Release\link.command.1.tlog
G:\Enchine\myGame\Engine\Release\link.read.1.tlog
G:\Enchine\myGame\Engine\Release\link.write.1.tlog
G:\ENCHINE\MYGAME\ENGINE\RELEASE\MESH.OBJ
G:\Enchine\myGame\Engine\Release\mt.command.1.tlog
G:\Enchine\myGame\Engine\Release\mt.read.1.tlog
G:\Enchine\myGame\Engine\Release\mt.write.1.tlog
G:\ENCHINE\MYGAME\ENGINE\RELEASE\NODE.OBJ
G:\ENCHINE\MYGAME\ENGINE\RELEASE\PG1_DIRECTINPUT.OBJ
G:\ENCHINE\MYGAME\ENGINE\RELEASE\PG1_INPUT.OBJ
G:\ENCHINE\MYGAME\ENGINE\RELEASE\PG1_TIMER.OBJ
G:\ENCHINE\MYGAME\ENGINE\RELEASE\PG2_INDEXBUFFER.OBJ
G:\ENCHINE\MYGAME\ENGINE\RELEASE\PG2_VERTEXBUFFER.OBJ
G:\ENCHINE\MYGAME\ENGINE\RELEASE\QUAD.OBJ
G:\ENCHINE\MYGAME\ENGINE\RELEASE\RENDERER.OBJ
G:\ENCHINE\MYGAME\ENGINE\RELEASE\RENDERTYPES.OBJ
G:\ENCHINE\MYGAME\ENGINE\RELEASE\SCENE.OBJ
G:\ENCHINE\MYGAME\ENGINE\RELEASE\SPRITE.OBJ
G:\ENCHINE\MYGAME\ENGINE\RELEASE\TINYXML2.OBJ
G:\ENCHINE\MYGAME\ENGINE\RELEASE\VC100.PDB
G:\ENCHINE\MYGAME\ENGINE\RELEASE\WINDOW.OBJ
G:\ENCHINE\MYGAME\RELEASE\ENGINE.DLL
G:\Enchine\myGame\Release\Engine.exp
G:\Enchine\myGame\Release\Engine.lib
G:\ENCHINE\MYGAME\RELEASE\ENGINE.PDB
