  Collider.cpp
c:\users\daniel\desktop\engine-2-otraeducacion\mygame\engine\Camera.h(31): warning C4251: 'pGr::Camera::camera_eye' : struct 'D3DXVECTOR3' needs to have dll-interface to be used by clients of class 'pGr::Camera'
          c:\program files (x86)\microsoft directx sdk (june 2010)\include\d3dx9math.h(162) : see declaration of 'D3DXVECTOR3'
c:\users\daniel\desktop\engine-2-otraeducacion\mygame\engine\Camera.h(32): warning C4251: 'pGr::Camera::camera_target' : struct 'D3DXVECTOR3' needs to have dll-interface to be used by clients of class 'pGr::Camera'
          c:\program files (x86)\microsoft directx sdk (june 2010)\include\d3dx9math.h(162) : see declaration of 'D3DXVECTOR3'
c:\users\daniel\desktop\engine-2-otraeducacion\mygame\engine\Camera.h(33): warning C4251: 'pGr::Camera::camera_up' : struct 'D3DXVECTOR3' needs to have dll-interface to be used by clients of class 'pGr::Camera'
          c:\program files (x86)\microsoft directx sdk (june 2010)\include\d3dx9math.h(162) : see declaration of 'D3DXVECTOR3'
c:\users\daniel\desktop\engine-2-otraeducacion\mygame\engine\Camera.h(34): warning C4251: 'pGr::Camera::camera_right' : struct 'D3DXVECTOR3' needs to have dll-interface to be used by clients of class 'pGr::Camera'
          c:\program files (x86)\microsoft directx sdk (june 2010)\include\d3dx9math.h(162) : see declaration of 'D3DXVECTOR3'
c:\users\daniel\desktop\engine-2-otraeducacion\mygame\engine\Camera.h(35): warning C4251: 'pGr::Camera::Camera_TransformMatrix' : struct 'D3DXMATRIX' needs to have dll-interface to be used by clients of class 'pGr::Camera'
          c:\program files (x86)\microsoft directx sdk (june 2010)\include\d3dx9math.h(312) : see declaration of 'D3DXMATRIX'
c:\users\daniel\desktop\engine-2-otraeducacion\mygame\engine\Renderer.h(50): warning C4251: 'pGr::Renderer::m_akTextures' : class 'std::vector<_Ty>' needs to have dll-interface to be used by clients of class 'pGr::Renderer'
          with
          [
              _Ty=pGr::Texture
          ]
c:\users\daniel\desktop\engine-2-otraeducacion\mygame\engine\Entity3D.h(51): warning C4251: 'pGr::Entity3D::m_Name' : class 'std::basic_string<_Elem,_Traits,_Ax>' needs to have dll-interface to be used by clients of class 'pGr::Entity3D'
          with
          [
              _Elem=char,
              _Traits=std::char_traits<char>,
              _Ax=std::allocator<char>
          ]
c:\users\daniel\desktop\engine-2-otraeducacion\mygame\engine\Mesh.h(40): warning C4251: 'pGr::Mesh::m_pkVertex' : class 'std::vector<_Ty>' needs to have dll-interface to be used by clients of class 'pGr::Mesh'
          with
          [
              _Ty=pGr::MeshVertex
          ]
c:\users\daniel\desktop\engine-2-otraeducacion\mygame\engine\Mesh.h(41): warning C4251: 'pGr::Mesh::m_pkIndex' : class 'std::vector<_Ty>' needs to have dll-interface to be used by clients of class 'pGr::Mesh'
          with
          [
              _Ty=unsigned short
          ]
  EMath.cpp
c:\users\daniel\desktop\engine-2-otraeducacion\mygame\engine\EMath.h(11): fatal error C1083: Cannot open include file: 'assimp/assimp/include/Importer.hpp': No such file or directory
  Entity3D.cpp
c:\users\daniel\desktop\engine-2-otraeducacion\mygame\engine\Camera.h(31): warning C4251: 'pGr::Camera::camera_eye' : struct 'D3DXVECTOR3' needs to have dll-interface to be used by clients of class 'pGr::Camera'
          c:\program files (x86)\microsoft directx sdk (june 2010)\include\d3dx9math.h(162) : see declaration of 'D3DXVECTOR3'
c:\users\daniel\desktop\engine-2-otraeducacion\mygame\engine\Camera.h(32): warning C4251: 'pGr::Camera::camera_target' : struct 'D3DXVECTOR3' needs to have dll-interface to be used by clients of class 'pGr::Camera'
          c:\program files (x86)\microsoft directx sdk (june 2010)\include\d3dx9math.h(162) : see declaration of 'D3DXVECTOR3'
c:\users\daniel\desktop\engine-2-otraeducacion\mygame\engine\Camera.h(33): warning C4251: 'pGr::Camera::camera_up' : struct 'D3DXVECTOR3' needs to have dll-interface to be used by clients of class 'pGr::Camera'
          c:\program files (x86)\microsoft directx sdk (june 2010)\include\d3dx9math.h(162) : see declaration of 'D3DXVECTOR3'
c:\users\daniel\desktop\engine-2-otraeducacion\mygame\engine\Camera.h(34): warning C4251: 'pGr::Camera::camera_right' : struct 'D3DXVECTOR3' needs to have dll-interface to be used by clients of class 'pGr::Camera'
          c:\program files (x86)\microsoft directx sdk (june 2010)\include\d3dx9math.h(162) : see declaration of 'D3DXVECTOR3'
c:\users\daniel\desktop\engine-2-otraeducacion\mygame\engine\Camera.h(35): warning C4251: 'pGr::Camera::Camera_TransformMatrix' : struct 'D3DXMATRIX' needs to have dll-interface to be used by clients of class 'pGr::Camera'
          c:\program files (x86)\microsoft directx sdk (june 2010)\include\d3dx9math.h(312) : see declaration of 'D3DXMATRIX'
c:\users\daniel\desktop\engine-2-otraeducacion\mygame\engine\Renderer.h(50): warning C4251: 'pGr::Renderer::m_akTextures' : class 'std::vector<_Ty>' needs to have dll-interface to be used by clients of class 'pGr::Renderer'
          with
          [
              _Ty=pGr::Texture
          ]
c:\users\daniel\desktop\engine-2-otraeducacion\mygame\engine\Entity3D.h(51): warning C4251: 'pGr::Entity3D::m_Name' : class 'std::basic_string<_Elem,_Traits,_Ax>' needs to have dll-interface to be used by clients of class 'pGr::Entity3D'
          with
          [
              _Elem=char,
              _Traits=std::char_traits<char>,
              _Ax=std::allocator<char>
          ]
c:\users\daniel\desktop\engine-2-otraeducacion\mygame\engine\Mesh.h(40): warning C4251: 'pGr::Mesh::m_pkVertex' : class 'std::vector<_Ty>' needs to have dll-interface to be used by clients of class 'pGr::Mesh'
          with
          [
              _Ty=pGr::MeshVertex
          ]
c:\users\daniel\desktop\engine-2-otraeducacion\mygame\engine\Mesh.h(41): warning C4251: 'pGr::Mesh::m_pkIndex' : class 'std::vector<_Ty>' needs to have dll-interface to be used by clients of class 'pGr::Mesh'
          with
          [
              _Ty=unsigned short
          ]
c:\users\daniel\desktop\engine-2-otraeducacion\mygame\engine\Node.h(25): warning C4251: 'pGr::Node::m_pkChilds' : class 'std::vector<_Ty>' needs to have dll-interface to be used by clients of class 'pGr::Node'
          with
          [
              _Ty=pGr::Entity3D *
          ]
  Importer.cpp
c:\users\daniel\desktop\engine-2-otraeducacion\mygame\engine\Camera.h(31): warning C4251: 'pGr::Camera::camera_eye' : struct 'D3DXVECTOR3' needs to have dll-interface to be used by clients of class 'pGr::Camera'
          c:\program files (x86)\microsoft directx sdk (june 2010)\include\d3dx9math.h(162) : see declaration of 'D3DXVECTOR3'
c:\users\daniel\desktop\engine-2-otraeducacion\mygame\engine\Camera.h(32): warning C4251: 'pGr::Camera::camera_target' : struct 'D3DXVECTOR3' needs to have dll-interface to be used by clients of class 'pGr::Camera'
          c:\program files (x86)\microsoft directx sdk (june 2010)\include\d3dx9math.h(162) : see declaration of 'D3DXVECTOR3'
c:\users\daniel\desktop\engine-2-otraeducacion\mygame\engine\Camera.h(33): warning C4251: 'pGr::Camera::camera_up' : struct 'D3DXVECTOR3' needs to have dll-interface to be used by clients of class 'pGr::Camera'
          c:\program files (x86)\microsoft directx sdk (june 2010)\include\d3dx9math.h(162) : see declaration of 'D3DXVECTOR3'
c:\users\daniel\desktop\engine-2-otraeducacion\mygame\engine\Camera.h(34): warning C4251: 'pGr::Camera::camera_right' : struct 'D3DXVECTOR3' needs to have dll-interface to be used by clients of class 'pGr::Camera'
          c:\program files (x86)\microsoft directx sdk (june 2010)\include\d3dx9math.h(162) : see declaration of 'D3DXVECTOR3'
c:\users\daniel\desktop\engine-2-otraeducacion\mygame\engine\Camera.h(35): warning C4251: 'pGr::Camera::Camera_TransformMatrix' : struct 'D3DXMATRIX' needs to have dll-interface to be used by clients of class 'pGr::Camera'
          c:\program files (x86)\microsoft directx sdk (june 2010)\include\d3dx9math.h(312) : see declaration of 'D3DXMATRIX'
c:\users\daniel\desktop\engine-2-otraeducacion\mygame\engine\Renderer.h(50): warning C4251: 'pGr::Renderer::m_akTextures' : class 'std::vector<_Ty>' needs to have dll-interface to be used by clients of class 'pGr::Renderer'
          with
          [
              _Ty=pGr::Texture
          ]
c:\users\daniel\desktop\engine-2-otraeducacion\mygame\engine\Entity3D.h(51): warning C4251: 'pGr::Entity3D::m_Name' : class 'std::basic_string<_Elem,_Traits,_Ax>' needs to have dll-interface to be used by clients of class 'pGr::Entity3D'
          with
          [
              _Elem=char,
              _Traits=std::char_traits<char>,
              _Ax=std::allocator<char>
          ]
c:\users\daniel\desktop\engine-2-otraeducacion\mygame\engine\Animation.h(18): warning C4251: 'pGr::Animation::Name' : class 'std::basic_string<_Elem,_Traits,_Ax>' needs to have dll-interface to be used by clients of class 'pGr::Animation'
          with
          [
              _Elem=char,
              _Traits=std::char_traits<char>,
              _Ax=std::allocator<char>
          ]
c:\users\daniel\desktop\engine-2-otraeducacion\mygame\engine\Animation.h(32): warning C4251: 'pGr::Animation::m_pkFrames' : class 'std::vector<_Ty>' needs to have dll-interface to be used by clients of class 'pGr::Animation'
          with
          [
              _Ty=pGr::Animation::Frame
          ]
c:\users\daniel\desktop\engine-2-otraeducacion\mygame\engine\Scene.h(39): warning C4251: 'pGr::Scene::m_pkName' : class 'std::basic_string<_Elem,_Traits,_Ax>' needs to have dll-interface to be used by clients of class 'pGr::Scene'
          with
          [
              _Elem=char,
              _Traits=std::char_traits<char>,
              _Ax=std::allocator<char>
          ]
c:\users\daniel\desktop\engine-2-otraeducacion\mygame\engine\Scene.h(40): warning C4251: 'pGr::Scene::m_pkEntity3D' : class 'std::vector<_Ty>' needs to have dll-interface to be used by clients of class 'pGr::Scene'
          with
          [
              _Ty=pGr::Entity3D *
          ]
c:\users\daniel\desktop\engine-2-otraeducacion\mygame\engine\Mesh.h(40): warning C4251: 'pGr::Mesh::m_pkVertex' : class 'std::vector<_Ty>' needs to have dll-interface to be used by clients of class 'pGr::Mesh'
          with
          [
              _Ty=pGr::MeshVertex
          ]
c:\users\daniel\desktop\engine-2-otraeducacion\mygame\engine\Mesh.h(41): warning C4251: 'pGr::Mesh::m_pkIndex' : class 'std::vector<_Ty>' needs to have dll-interface to be used by clients of class 'pGr::Mesh'
          with
          [
              _Ty=unsigned short
          ]
c:\users\daniel\desktop\engine-2-otraeducacion\mygame\engine\Node.h(25): warning C4251: 'pGr::Node::m_pkChilds' : class 'std::vector<_Ty>' needs to have dll-interface to be used by clients of class 'pGr::Node'
          with
          [
              _Ty=pGr::Entity3D *
          ]
Importer.cpp(189): warning C4482: nonstandard extension used: enum 'pGr::Primitive' used in qualified name
  Mesh.cpp
c:\users\daniel\desktop\engine-2-otraeducacion\mygame\engine\Camera.h(31): warning C4251: 'pGr::Camera::camera_eye' : struct 'D3DXVECTOR3' needs to have dll-interface to be used by clients of class 'pGr::Camera'
          c:\program files (x86)\microsoft directx sdk (june 2010)\include\d3dx9math.h(162) : see declaration of 'D3DXVECTOR3'
c:\users\daniel\desktop\engine-2-otraeducacion\mygame\engine\Camera.h(32): warning C4251: 'pGr::Camera::camera_target' : struct 'D3DXVECTOR3' needs to have dll-interface to be used by clients of class 'pGr::Camera'
          c:\program files (x86)\microsoft directx sdk (june 2010)\include\d3dx9math.h(162) : see declaration of 'D3DXVECTOR3'
c:\users\daniel\desktop\engine-2-otraeducacion\mygame\engine\Camera.h(33): warning C4251: 'pGr::Camera::camera_up' : struct 'D3DXVECTOR3' needs to have dll-interface to be used by clients of class 'pGr::Camera'
          c:\program files (x86)\microsoft directx sdk (june 2010)\include\d3dx9math.h(162) : see declaration of 'D3DXVECTOR3'
c:\users\daniel\desktop\engine-2-otraeducacion\mygame\engine\Camera.h(34): warning C4251: 'pGr::Camera::camera_right' : struct 'D3DXVECTOR3' needs to have dll-interface to be used by clients of class 'pGr::Camera'
          c:\program files (x86)\microsoft directx sdk (june 2010)\include\d3dx9math.h(162) : see declaration of 'D3DXVECTOR3'
c:\users\daniel\desktop\engine-2-otraeducacion\mygame\engine\Camera.h(35): warning C4251: 'pGr::Camera::Camera_TransformMatrix' : struct 'D3DXMATRIX' needs to have dll-interface to be used by clients of class 'pGr::Camera'
          c:\program files (x86)\microsoft directx sdk (june 2010)\include\d3dx9math.h(312) : see declaration of 'D3DXMATRIX'
c:\users\daniel\desktop\engine-2-otraeducacion\mygame\engine\Renderer.h(50): warning C4251: 'pGr::Renderer::m_akTextures' : class 'std::vector<_Ty>' needs to have dll-interface to be used by clients of class 'pGr::Renderer'
          with
          [
              _Ty=pGr::Texture
          ]
c:\users\daniel\desktop\engine-2-otraeducacion\mygame\engine\Entity3D.h(51): warning C4251: 'pGr::Entity3D::m_Name' : class 'std::basic_string<_Elem,_Traits,_Ax>' needs to have dll-interface to be used by clients of class 'pGr::Entity3D'
          with
          [
              _Elem=char,
              _Traits=std::char_traits<char>,
              _Ax=std::allocator<char>
          ]
c:\users\daniel\desktop\engine-2-otraeducacion\mygame\engine\Mesh.h(40): warning C4251: 'pGr::Mesh::m_pkVertex' : class 'std::vector<_Ty>' needs to have dll-interface to be used by clients of class 'pGr::Mesh'
          with
          [
              _Ty=pGr::MeshVertex
          ]
c:\users\daniel\desktop\engine-2-otraeducacion\mygame\engine\Mesh.h(41): warning C4251: 'pGr::Mesh::m_pkIndex' : class 'std::vector<_Ty>' needs to have dll-interface to be used by clients of class 'pGr::Mesh'
          with
          [
              _Ty=unsigned short
          ]
  Physics.cpp
c:\users\daniel\desktop\engine-2-otraeducacion\mygame\engine\EMath.h(11): fatal error C1083: Cannot open include file: 'assimp/assimp/include/Importer.hpp': No such file or directory
  RigidBody.cpp
c:\users\daniel\desktop\engine-2-otraeducacion\mygame\engine\EMath.h(11): fatal error C1083: Cannot open include file: 'assimp/assimp/include/Importer.hpp': No such file or directory
  Scene.cpp
c:\users\daniel\desktop\engine-2-otraeducacion\mygame\engine\Camera.h(31): warning C4251: 'pGr::Camera::camera_eye' : struct 'D3DXVECTOR3' needs to have dll-interface to be used by clients of class 'pGr::Camera'
          c:\program files (x86)\microsoft directx sdk (june 2010)\include\d3dx9math.h(162) : see declaration of 'D3DXVECTOR3'
c:\users\daniel\desktop\engine-2-otraeducacion\mygame\engine\Camera.h(32): warning C4251: 'pGr::Camera::camera_target' : struct 'D3DXVECTOR3' needs to have dll-interface to be used by clients of class 'pGr::Camera'
          c:\program files (x86)\microsoft directx sdk (june 2010)\include\d3dx9math.h(162) : see declaration of 'D3DXVECTOR3'
c:\users\daniel\desktop\engine-2-otraeducacion\mygame\engine\Camera.h(33): warning C4251: 'pGr::Camera::camera_up' : struct 'D3DXVECTOR3' needs to have dll-interface to be used by clients of class 'pGr::Camera'
          c:\program files (x86)\microsoft directx sdk (june 2010)\include\d3dx9math.h(162) : see declaration of 'D3DXVECTOR3'
c:\users\daniel\desktop\engine-2-otraeducacion\mygame\engine\Camera.h(34): warning C4251: 'pGr::Camera::camera_right' : struct 'D3DXVECTOR3' needs to have dll-interface to be used by clients of class 'pGr::Camera'
          c:\program files (x86)\microsoft directx sdk (june 2010)\include\d3dx9math.h(162) : see declaration of 'D3DXVECTOR3'
c:\users\daniel\desktop\engine-2-otraeducacion\mygame\engine\Camera.h(35): warning C4251: 'pGr::Camera::Camera_TransformMatrix' : struct 'D3DXMATRIX' needs to have dll-interface to be used by clients of class 'pGr::Camera'
          c:\program files (x86)\microsoft directx sdk (june 2010)\include\d3dx9math.h(312) : see declaration of 'D3DXMATRIX'
c:\users\daniel\desktop\engine-2-otraeducacion\mygame\engine\Renderer.h(50): warning C4251: 'pGr::Renderer::m_akTextures' : class 'std::vector<_Ty>' needs to have dll-interface to be used by clients of class 'pGr::Renderer'
          with
          [
              _Ty=pGr::Texture
          ]
c:\users\daniel\desktop\engine-2-otraeducacion\mygame\engine\Entity3D.h(51): warning C4251: 'pGr::Entity3D::m_Name' : class 'std::basic_string<_Elem,_Traits,_Ax>' needs to have dll-interface to be used by clients of class 'pGr::Entity3D'
          with
          [
              _Elem=char,
              _Traits=std::char_traits<char>,
              _Ax=std::allocator<char>
          ]
c:\users\daniel\desktop\engine-2-otraeducacion\mygame\engine\Animation.h(18): warning C4251: 'pGr::Animation::Name' : class 'std::basic_string<_Elem,_Traits,_Ax>' needs to have dll-interface to be used by clients of class 'pGr::Animation'
          with
          [
              _Elem=char,
              _Traits=std::char_traits<char>,
              _Ax=std::allocator<char>
          ]
c:\users\daniel\desktop\engine-2-otraeducacion\mygame\engine\Animation.h(32): warning C4251: 'pGr::Animation::m_pkFrames' : class 'std::vector<_Ty>' needs to have dll-interface to be used by clients of class 'pGr::Animation'
          with
          [
              _Ty=pGr::Animation::Frame
          ]
c:\users\daniel\desktop\engine-2-otraeducacion\mygame\engine\Scene.h(39): warning C4251: 'pGr::Scene::m_pkName' : class 'std::basic_string<_Elem,_Traits,_Ax>' needs to have dll-interface to be used by clients of class 'pGr::Scene'
          with
          [
              _Elem=char,
              _Traits=std::char_traits<char>,
              _Ax=std::allocator<char>
          ]
c:\users\daniel\desktop\engine-2-otraeducacion\mygame\engine\Scene.h(40): warning C4251: 'pGr::Scene::m_pkEntity3D' : class 'std::vector<_Ty>' needs to have dll-interface to be used by clients of class 'pGr::Scene'
          with
          [
              _Ty=pGr::Entity3D *
          ]
c:\users\daniel\desktop\engine-2-otraeducacion\mygame\engine\Sprite.h(32): warning C4251: 'pGr::Sprite::animation_List' : class 'std::vector<_Ty>' needs to have dll-interface to be used by clients of class 'pGr::Sprite'
          with
          [
              _Ty=pGr::Animation
          ]
c:\users\daniel\desktop\engine-2-otraeducacion\mygame\engine\Node.h(25): warning C4251: 'pGr::Node::m_pkChilds' : class 'std::vector<_Ty>' needs to have dll-interface to be used by clients of class 'pGr::Node'
          with
          [
              _Ty=pGr::Entity3D *
          ]
c:\users\daniel\desktop\engine-2-otraeducacion\mygame\engine\Mesh.h(40): warning C4251: 'pGr::Mesh::m_pkVertex' : class 'std::vector<_Ty>' needs to have dll-interface to be used by clients of class 'pGr::Mesh'
          with
          [
              _Ty=pGr::MeshVertex
          ]
c:\users\daniel\desktop\engine-2-otraeducacion\mygame\engine\Mesh.h(41): warning C4251: 'pGr::Mesh::m_pkIndex' : class 'std::vector<_Ty>' needs to have dll-interface to be used by clients of class 'pGr::Mesh'
          with
          [
              _Ty=unsigned short
          ]
Scene.cpp(22): warning C4018: '<' : signed/unsigned mismatch
Scene.cpp(31): warning C4018: '<' : signed/unsigned mismatch
Scene.cpp(55): warning C4018: '<' : signed/unsigned mismatch
